<?xml version="1.0" encoding="UTF-8"?>
<testng-results skipped="0" failed="0" ignored="0" total="1" passed="1">
  <reporter-output>
  </reporter-output>
  <suite name="Default suite" duration-ms="18601" started-at="2019-03-27T12:35:47Z" finished-at="2019-03-27T12:36:06Z">
    <groups>
    </groups>
    <test name="Default test" duration-ms="18601" started-at="2019-03-27T12:35:47Z" finished-at="2019-03-27T12:36:06Z">
      <class name="google.DynamicGoogleSearch">
        <test-method status="PASS" signature="setup()[pri:0, instance:google.DynamicGoogleSearch@3532ec19]" name="setup" is-config="true" duration-ms="10224" started-at="2019-03-27T12:35:47Z" finished-at="2019-03-27T12:35:58Z">
          <reporter-output>
          </reporter-output>
        </test-method> <!-- setup -->
        <test-method status="PASS" signature="Google()[pri:0, instance:google.DynamicGoogleSearch@3532ec19]" name="Google" duration-ms="8339" started-at="2019-03-27T12:35:58Z" finished-at="2019-03-27T12:36:06Z">
          <reporter-output>
          </reporter-output>
        </test-method> <!-- Google -->
      </class> <!-- google.DynamicGoogleSearch -->
    </test> <!-- Default test -->
  </suite> <!-- Default suite -->
</testng-results>
