<?xml version="1.0" encoding="UTF-8"?>
<testng-results skipped="0" failed="0" ignored="0" total="1" passed="1">
  <reporter-output>
  </reporter-output>
  <suite name="Default suite" duration-ms="11883" started-at="2019-03-22T08:05:36Z" finished-at="2019-03-22T08:05:48Z">
    <groups>
    </groups>
    <test name="Default test" duration-ms="11883" started-at="2019-03-22T08:05:36Z" finished-at="2019-03-22T08:05:48Z">
      <class name="google.Dynamic_WebTables">
        <test-method status="PASS" signature="setup()[pri:0, instance:google.Dynamic_WebTables@3532ec19]" name="setup" is-config="true" duration-ms="8254" started-at="2019-03-22T08:05:36Z" finished-at="2019-03-22T08:05:45Z">
          <reporter-output>
          </reporter-output>
        </test-method> <!-- setup -->
        <test-method status="PASS" signature="Google()[pri:0, instance:google.Dynamic_WebTables@3532ec19]" name="Google" duration-ms="3609" started-at="2019-03-22T08:05:45Z" finished-at="2019-03-22T08:05:48Z">
          <reporter-output>
          </reporter-output>
        </test-method> <!-- Google -->
      </class> <!-- google.Dynamic_WebTables -->
    </test> <!-- Default test -->
  </suite> <!-- Default suite -->
</testng-results>
